<?xml version="1.0" encoding="UTF-8"?>
<testng-results skipped="0" failed="0" ignored="0" total="2" passed="2">
  <reporter-output>
  </reporter-output>
  <suite name="Suite" duration-ms="44153" started-at="2019-05-31T11:03:02Z" finished-at="2019-05-31T11:03:46Z">
    <groups>
    </groups>
    <test name="Test" duration-ms="44153" started-at="2019-05-31T11:03:02Z" finished-at="2019-05-31T11:03:46Z">
      <class name="com.facebook.TestCases.LoginPageTest">
        <test-method status="PASS" signature="setUp()[pri:0, instance:com.facebook.TestCases.LoginPageTest@1554825]" name="setUp" is-config="true" duration-ms="47522" started-at="2019-05-31T11:02:14Z" finished-at="2019-05-31T11:03:02Z">
          <reporter-output>
          </reporter-output>
        </test-method> <!-- setUp -->
        <test-method status="PASS" signature="verifyTitleTest()[pri:0, instance:com.facebook.TestCases.LoginPageTest@1554825]" name="verifyTitleTest" duration-ms="14228" started-at="2019-05-31T11:03:02Z" finished-at="2019-05-31T11:03:16Z">
          <reporter-output>
          </reporter-output>
        </test-method> <!-- verifyTitleTest -->
        <test-method status="PASS" signature="verifyLoginTest()[pri:0, instance:com.facebook.TestCases.LoginPageTest@1554825]" name="verifyLoginTest" duration-ms="29732" started-at="2019-05-31T11:03:16Z" finished-at="2019-05-31T11:03:46Z">
          <reporter-output>
          </reporter-output>
        </test-method> <!-- verifyLoginTest -->
        <test-method status="PASS" signature="tearDown()[pri:0, instance:com.facebook.TestCases.LoginPageTest@1554825]" name="tearDown" is-config="true" duration-ms="1804" started-at="2019-05-31T11:03:46Z" finished-at="2019-05-31T11:03:48Z">
          <reporter-output>
          </reporter-output>
        </test-method> <!-- tearDown -->
      </class> <!-- com.facebook.TestCases.LoginPageTest -->
    </test> <!-- Test -->
  </suite> <!-- Suite -->
</testng-results>
